1510909799122	geckodriver	INFO	geckodriver 0.18.0
1510909799127	geckodriver	INFO	Listening on 127.0.0.1:55202
1510909800299	geckodriver::marionette	INFO	Starting browser /Applications/Firefox.app/Contents/MacOS/firefox-bin with args ["-marionette"]
1510909800596	addons.xpi	WARN	Error parsing extensions state: [Exception... "Component returned failure code: 0x80520012 (NS_ERROR_FILE_NOT_FOUND) [amIAddonManagerStartup.readStartupData]"  nsresult: "0x80520012 (NS_ERROR_FILE_NOT_FOUND)"  location: "JS frame :: resource://gre/modules/addons/XPIProvider.jsm :: loadExtensionState :: line 1554"  data: no] Stack trace: loadExtensionState()@resource://gre/modules/addons/XPIProvider.jsm:1554 < getInstallState()@resource://gre/modules/addons/XPIProvider.jsm:1589 < checkForChanges()@resource://gre/modules/addons/XPIProvider.jsm:3109 < startup()@resource://gre/modules/addons/XPIProvider.jsm:2188 < callProvider()@resource://gre/modules/AddonManager.jsm:269 < _startProvider()@resource://gre/modules/AddonManager.jsm:739 < startup()@resource://gre/modules/AddonManager.jsm:906 < startup()@resource://gre/modules/AddonManager.jsm:3090 < observe()@jar:file:///Applications/Firefox.app/Contents/Resources/omni.ja!/components/addonManager.js:65
1510909800907	Marionette	INFO	Enabled via --marionette
2017-11-17 17:10:01.998 plugin-container[10781:1125472] *** CFMessagePort: bootstrap_register(): failed 1100 (0x44c) 'Permission denied', port = 0xaa3f, name = 'com.apple.tsm.portname'
See /usr/include/servers/bootstrap_defs.h for the error codes.
2017-11-17 17:10:01.998 plugin-container[10781:1125472] *** CFMessagePort: bootstrap_register(): failed 1100 (0x44c) 'Permission denied', port = 0xac17, name = 'com.apple.CFPasteboardClient'
See /usr/include/servers/bootstrap_defs.h for the error codes.
2017-11-17 17:10:01.998 plugin-container[10781:1125472] void __CFPasteboardSetup() : Failed to allocate communication port for com.apple.CFPasteboardClient; this is likely due to sandbox restrictions
1510909802476	Marionette	INFO	Listening on port 55215
1510909802506	Marionette	WARN	TLS certificate errors will be ignored for this session
1510909802541	Marionette	DEBUG	Register listener.js for window 2147483649
1510909802556	Marionette	DEBUG	Received DOM event "beforeunload" for "about:blank"
1510909803280	Marionette	DEBUG	Received DOM event "pagehide" for "about:blank"
1510909803280	Marionette	DEBUG	Received DOM event "unload" for "about:blank"
JavaScript error: https://ss1.bdstatic.com/5eN1bjq8AAUYm2zgoY3K/r/www/cache/static/protocol/https/plugins/every_cookie_mac_82990d4.js, line 4: ReferenceError: c is not defined
1510909803977	Marionette	DEBUG	Received DOM event "DOMContentLoaded" for "https://www.baidu.com/"
1510909804096	Marionette	DEBUG	Received DOM event "pageshow" for "https://www.baidu.com/"
1510909861947	addons.productaddons	WARN	Failed downloading via XHR, status: 0, reason: error
1510910186947	geckodriver	INFO	geckodriver 0.18.0
1510910186950	geckodriver	INFO	Listening on 127.0.0.1:56928
1510910188057	geckodriver::marionette	INFO	Starting browser /Applications/Firefox.app/Contents/MacOS/firefox-bin with args ["-marionette"]
1510910188281	addons.xpi	WARN	Error parsing extensions state: [Exception... "Component returned failure code: 0x80520012 (NS_ERROR_FILE_NOT_FOUND) [amIAddonManagerStartup.readStartupData]"  nsresult: "0x80520012 (NS_ERROR_FILE_NOT_FOUND)"  location: "JS frame :: resource://gre/modules/addons/XPIProvider.jsm :: loadExtensionState :: line 1554"  data: no] Stack trace: loadExtensionState()@resource://gre/modules/addons/XPIProvider.jsm:1554 < getInstallState()@resource://gre/modules/addons/XPIProvider.jsm:1589 < checkForChanges()@resource://gre/modules/addons/XPIProvider.jsm:3109 < startup()@resource://gre/modules/addons/XPIProvider.jsm:2188 < callProvider()@resource://gre/modules/AddonManager.jsm:269 < _startProvider()@resource://gre/modules/AddonManager.jsm:739 < startup()@resource://gre/modules/AddonManager.jsm:906 < startup()@resource://gre/modules/AddonManager.jsm:3090 < observe()@jar:file:///Applications/Firefox.app/Contents/Resources/omni.ja!/components/addonManager.js:65
1510910188568	Marionette	INFO	Enabled via --marionette
2017-11-17 17:16:29.384 plugin-container[10828:1129115] *** CFMessagePort: bootstrap_register(): failed 1100 (0x44c) 'Permission denied', port = 0xaa3f, name = 'com.apple.tsm.portname'
See /usr/include/servers/bootstrap_defs.h for the error codes.
2017-11-17 17:16:29.384 plugin-container[10828:1129115] *** CFMessagePort: bootstrap_register(): failed 1100 (0x44c) 'Permission denied', port = 0xab23, name = 'com.apple.CFPasteboardClient'
See /usr/include/servers/bootstrap_defs.h for the error codes.
2017-11-17 17:16:29.384 plugin-container[10828:1129115] void __CFPasteboardSetup() : Failed to allocate communication port for com.apple.CFPasteboardClient; this is likely due to sandbox restrictions
1510910189867	Marionette	INFO	Listening on port 56941
1510910189950	Marionette	WARN	TLS certificate errors will be ignored for this session
1510910189981	Marionette	DEBUG	Register listener.js for window 2147483649
1510910189997	Marionette	DEBUG	Received DOM event "beforeunload" for "about:blank"
1510910194192	Marionette	DEBUG	Received DOM event "pagehide" for "about:blank"
1510910194193	Marionette	DEBUG	Received DOM event "unload" for "about:blank"
1510910200780	Marionette	DEBUG	Received DOM event "DOMContentLoaded" for "https://www.fairphone.com/en/community/"
1510910275315	addons.productaddons	WARN	Failed downloading via XHR, status: 0, reason: error
1510910375557	Marionette	DEBUG	Received observer notification "outer-window-destroyed" for "2147483653"
1510910375557	Marionette	DEBUG	Received observer notification "outer-window-destroyed" for "2147483655"
1510910375557	Marionette	DEBUG	Received observer notification "outer-window-destroyed" for "2147483657"
1510910375557	Marionette	DEBUG	Received observer notification "outer-window-destroyed" for "2147483649"
*************************
A coding exception was thrown and uncaught in a Task.

Full message: TypeError: this.curBrowser.contentBrowser is null
Full stack: GeckoDriver.prototype.get@chrome://marionette/content/driver.js:1021:3
TaskImpl_run@resource://gre/modules/Task.jsm:331:42

*************************
*************************
A coding exception was thrown and uncaught in a Task.

Full message: TypeError: this.curBrowser.contentBrowser is null
Full stack: GeckoDriver.prototype.get@chrome://marionette/content/driver.js:1021:3
TaskImpl_run@resource://gre/modules/Task.jsm:331:42

*************************
Marionette threw an error: TypeError: this.curBrowser.contentBrowser is null
GeckoDriver.prototype.get@chrome://marionette/content/driver.js:1021:3
TaskImpl_run@resource://gre/modules/Task.jsm:331:42

JavaScript error: resource://gre/modules/XPCOMUtils.jsm, line 266: TypeError: Cc[aContract] is undefined
