[INFO  - 2017-11-16T10:13:58.563Z] GhostDriver - Main - running on port 52795
[INFO  - 2017-11-16T10:13:59.086Z] Session [dc876990-cab6-11e7-aa68-ddd7d46e4599] - page.settings - {"XSSAuditingEnabled":false,"javascriptCanCloseWindows":true,"javascriptCanOpenWindows":true,"javascriptEnabled":true,"loadImages":true,"localToRemoteUrlAccessEnabled":false,"userAgent":"Mozilla/5.0 (Macintosh; Intel Mac OS X) AppleWebKit/538.1 (KHTML, like Gecko) PhantomJS/2.1.1 Safari/538.1","webSecurityEnabled":true}
[INFO  - 2017-11-16T10:13:59.086Z] Session [dc876990-cab6-11e7-aa68-ddd7d46e4599] - page.customHeaders:  - {}
[INFO  - 2017-11-16T10:13:59.086Z] Session [dc876990-cab6-11e7-aa68-ddd7d46e4599] - Session.negotiatedCapabilities - {"browserName":"phantomjs","version":"2.1.1","driverName":"ghostdriver","driverVersion":"1.2.0","platform":"mac-10.11 (El Capitan)-64bit","javascriptEnabled":true,"takesScreenshot":true,"handlesAlerts":false,"databaseEnabled":false,"locationContextEnabled":false,"applicationCacheEnabled":false,"browserConnectionEnabled":false,"cssSelectorsEnabled":true,"webStorageEnabled":false,"rotatable":false,"acceptSslCerts":false,"nativeEvents":true,"proxy":{"proxyType":"direct"}}
[INFO  - 2017-11-16T10:13:59.086Z] SessionManagerReqHand - _postNewSessionCommand - New Session Created: dc876990-cab6-11e7-aa68-ddd7d46e4599
[ERROR - 2017-11-16T10:14:03.533Z] Session [dc876990-cab6-11e7-aa68-ddd7d46e4599] - page.onError - msg: ReferenceError: Can't find variable: $te

  phantomjs://platform/console++.js:263 in error
[ERROR - 2017-11-16T10:14:03.533Z] Session [dc876990-cab6-11e7-aa68-ddd7d46e4599] - page.onError - stack:
  (anonymous function) (undefined:1)
  (anonymous function) (:1)
  each (:1)
  (anonymous function) (:1)
  startThread (:1)
  (anonymous function) (:1)
  each (http://q.qunarzz.com/hotel_fekit/prd/scripts/base@f1b4e3b5ba059778faa1.js:1)
  (anonymous function) (:1)
  l (http://q.qunarzz.com/hotel_fekit/prd/scripts/base@f1b4e3b5ba059778faa1.js:1)
  fireWith (http://q.qunarzz.com/hotel_fekit/prd/scripts/base@f1b4e3b5ba059778faa1.js:1)
  T (http://q.qunarzz.com/hotel_fekit/prd/scripts/base@f1b4e3b5ba059778faa1.js:1)
  r (http://q.qunarzz.com/hotel_fekit/prd/scripts/base@f1b4e3b5ba059778faa1.js:1)

  phantomjs://platform/console++.js:263 in error
[ERROR - 2017-11-16T10:14:03.537Z] Session [dc876990-cab6-11e7-aa68-ddd7d46e4599] - page.onError - msg: ReferenceError: Can't find variable: $te

  phantomjs://platform/console++.js:263 in error
[ERROR - 2017-11-16T10:14:03.538Z] Session [dc876990-cab6-11e7-aa68-ddd7d46e4599] - page.onError - stack:
  (anonymous function) (undefined:1)
  (anonymous function) (:1)
  each (:1)
  (anonymous function) (:1)
  startThread (:1)
  (anonymous function) (:1)
  each (http://q.qunarzz.com/hotel_fekit/prd/scripts/base@f1b4e3b5ba059778faa1.js:1)
  (anonymous function) (:1)
  l (http://q.qunarzz.com/hotel_fekit/prd/scripts/base@f1b4e3b5ba059778faa1.js:1)
  fireWith (http://q.qunarzz.com/hotel_fekit/prd/scripts/base@f1b4e3b5ba059778faa1.js:1)
  T (http://q.qunarzz.com/hotel_fekit/prd/scripts/base@f1b4e3b5ba059778faa1.js:1)
  r (http://q.qunarzz.com/hotel_fekit/prd/scripts/base@f1b4e3b5ba059778faa1.js:1)

  phantomjs://platform/console++.js:263 in error
[ERROR - 2017-11-16T10:14:04.288Z] Session [dc876990-cab6-11e7-aa68-ddd7d46e4599] - page.onError - msg: ReferenceError: Can't find variable: $te

  phantomjs://platform/console++.js:263 in error
[ERROR - 2017-11-16T10:14:04.289Z] Session [dc876990-cab6-11e7-aa68-ddd7d46e4599] - page.onError - stack:
  freshNeighborAPrice (undefined:1)
  initPage (:1)
  (anonymous function) (http://hotel.qunar.com/city/beijing_city/dt-20438/?in_track=hotel_recom_beijing_city02:727)

  phantomjs://platform/console++.js:263 in error
[ERROR - 2017-11-16T10:14:04.405Z] Session [dc876990-cab6-11e7-aa68-ddd7d46e4599] - page.onError - msg: ReferenceError: Can't find variable: $te

  phantomjs://platform/console++.js:263 in error
[ERROR - 2017-11-16T10:14:04.405Z] Session [dc876990-cab6-11e7-aa68-ddd7d46e4599] - page.onError - stack:
  _refreshPrice_ (undefined:1)
  _renderContent_ (:1)
  success (:1)
  l (http://q.qunarzz.com/hotel_fekit/prd/scripts/base@f1b4e3b5ba059778faa1.js:1)
  fireWith (http://q.qunarzz.com/hotel_fekit/prd/scripts/base@f1b4e3b5ba059778faa1.js:1)
  T (http://q.qunarzz.com/hotel_fekit/prd/scripts/base@f1b4e3b5ba059778faa1.js:1)
  r (http://q.qunarzz.com/hotel_fekit/prd/scripts/base@f1b4e3b5ba059778faa1.js:1)

  phantomjs://platform/console++.js:263 in error
